2020-12-03 19:01:58 INFO  DataProviderCSV:101 - File src\main\resources\data\csv\Order.csv created
2020-12-03 19:01:58 INFO  DataProviderCSV:101 - File src\main\resources\data\csv\Staff.csv created
2020-12-03 19:01:58 INFO  DataProviderCSV:101 - File src\main\resources\data\csv\Puiple.csv created
2020-12-03 19:01:58 INFO  DataProviderCSV:101 - File src\main\resources\data\csv\FoodCategory.csv created
2020-12-03 19:01:58 INFO  IDataProvider:113 - Write: Order
2020-12-03 19:01:58 ERROR DataProviderCSV:40 - Error reading file src\main\resources\data\csv\Order.csv
2020-12-03 19:16:28 INFO  DataProviderCSV:101 - File src\main\resources\data\csv\Order.csv created
2020-12-03 19:16:28 INFO  DataProviderCSV:101 - File src\main\resources\data\csv\Staff.csv created
2020-12-03 19:16:28 INFO  DataProviderCSV:101 - File src\main\resources\data\csv\Puiple.csv created
2020-12-03 19:16:28 INFO  DataProviderCSV:101 - File src\main\resources\data\csv\FoodCategory.csv created
2020-12-03 19:16:28 INFO  IDataProvider:113 - Write: Order
2020-12-03 19:16:28 ERROR DataProviderCSV:40 - Error reading file src\main\resources\data\csv\Order.csv
2020-12-03 19:16:28 INFO  DataProviderXML:73 - File src\main\resources\data\xml\FoodCategory.xml created
2020-12-03 19:16:29 INFO  DataProviderXML:73 - File src\main\resources\data\xml\Order.xml created
2020-12-03 19:16:29 INFO  DataProviderXML:73 - File src\main\resources\data\xml\Puiple.xml created
2020-12-03 19:16:29 INFO  DataProviderXML:73 - File src\main\resources\data\xml\Staff.xml created
2020-12-03 19:16:29 ERROR DataProviderXML:142 - Error writing file src\main\resources\data\xml\Order.xml
2020-12-03 19:16:29 ERROR DataProviderXML:143 - org.simpleframework.xml.core.PersistenceException: Entry class ru.sfedu.SchoolMeals.model.bean.Order does not match class ru.sfedu.SchoolMeals.model.api.WrapperXML.OrderList for field 'order' public java.util.List ru.sfedu.SchoolMeals.model.api.WrapperXML.OrderList.order
2020-12-03 19:16:29 INFO  IDataProvider:113 - Write: Order
2020-12-03 19:16:29 ERROR DataProviderXML:110 - Error reading file src\main\resources\data\xml\Order.xml
2020-12-03 19:16:29 ERROR DataProviderXML:111 - javax.xml.stream.XMLStreamException: ParseError at [row,col]:[1,1]
Message: Premature end of file.
2020-12-03 19:28:34 INFO  DataProviderCSV:101 - File src\main\resources\data\csv\Order.csv created
2020-12-03 19:28:34 INFO  DataProviderCSV:101 - File src\main\resources\data\csv\Staff.csv created
2020-12-03 19:28:34 INFO  DataProviderCSV:101 - File src\main\resources\data\csv\Puiple.csv created
2020-12-03 19:28:34 INFO  DataProviderCSV:101 - File src\main\resources\data\csv\FoodCategory.csv created
2020-12-03 19:28:34 DEBUG IDataProvider:51 - -----writeAndUpdateOrderTest--------------
2020-12-03 19:28:34 INFO  IDataProvider:113 - Write: Order
2020-12-03 19:28:34 ERROR DataProviderCSV:40 - Error reading file src\main\resources\data\csv\Order.csv
2020-12-03 19:28:34 INFO  DataProviderXML:73 - File src\main\resources\data\xml\FoodCategory.xml created
2020-12-03 19:28:34 INFO  DataProviderXML:73 - File src\main\resources\data\xml\Order.xml created
2020-12-03 19:28:34 INFO  DataProviderXML:73 - File src\main\resources\data\xml\Puiple.xml created
2020-12-03 19:28:34 INFO  DataProviderXML:73 - File src\main\resources\data\xml\Staff.xml created
2020-12-03 19:28:34 DEBUG IDataProvider:51 - -----writeAndUpdateOrderTest--------------
2020-12-03 19:28:34 INFO  IDataProvider:113 - Write: Order
2020-12-03 19:28:34 INFO  IDataProvider:113 - Write: Order
2020-12-03 19:28:34 INFO  IDataProvider:97 - Read: Order
2020-12-03 19:28:34 INFO  IDataProvider:97 - Read: Order
2020-12-03 19:28:34 ERROR IDataProvider:102 - Order with id = 1 not found
2020-12-03 19:59:47 INFO  DataProviderCSV:101 - File src\main\resources\data\csv\Order.csv created
2020-12-03 19:59:47 INFO  DataProviderCSV:101 - File src\main\resources\data\csv\Staff.csv created
2020-12-03 19:59:47 INFO  DataProviderCSV:101 - File src\main\resources\data\csv\Puiple.csv created
2020-12-03 19:59:47 INFO  DataProviderCSV:101 - File src\main\resources\data\csv\FoodCategory.csv created
2020-12-03 19:59:47 DEBUG IDataProvider:53 - -----writeAndUpdateOrderTest--------------
2020-12-03 19:59:47 INFO  IDataProvider:113 - Write: Order
2020-12-03 19:59:47 INFO  IDataProvider:113 - Write: Order
2020-12-03 19:59:47 INFO  IDataProvider:97 - Read: Order
2020-12-03 19:59:47 ERROR IDataProvider:102 - Order with id = 0 not found
2020-12-03 19:59:47 INFO  DataProviderXML:73 - File src\main\resources\data\xml\FoodCategory.xml created
2020-12-03 19:59:47 INFO  DataProviderXML:73 - File src\main\resources\data\xml\Order.xml created
2020-12-03 19:59:47 INFO  DataProviderXML:73 - File src\main\resources\data\xml\Puiple.xml created
2020-12-03 19:59:47 INFO  DataProviderXML:73 - File src\main\resources\data\xml\Staff.xml created
2020-12-03 19:59:47 DEBUG IDataProvider:53 - -----writeAndUpdateOrderTest--------------
2020-12-03 19:59:47 INFO  IDataProvider:113 - Write: Order
2020-12-03 19:59:47 ERROR DataProviderXML:110 - Error reading file src\main\resources\data\xml\Order.xml
2020-12-03 19:59:47 ERROR DataProviderXML:111 - org.simpleframework.xml.core.PersistenceException: Constructor not matched for class ru.sfedu.SchoolMeals.model.bean.Order
2020-12-03 20:06:38 INFO  DataProviderCSV:101 - File src\main\resources\data\csv\Order.csv created
2020-12-03 20:06:38 INFO  DataProviderCSV:101 - File src\main\resources\data\csv\Staff.csv created
2020-12-03 20:06:38 INFO  DataProviderCSV:101 - File src\main\resources\data\csv\Puiple.csv created
2020-12-03 20:06:38 INFO  DataProviderCSV:101 - File src\main\resources\data\csv\FoodCategory.csv created
2020-12-03 20:06:38 DEBUG IDataProvider:53 - -----writeAndUpdateOrderTest--------------
2020-12-03 20:06:38 INFO  IDataProvider:113 - Write: Order
2020-12-03 20:06:38 INFO  IDataProvider:113 - Write: Order
2020-12-03 20:06:38 INFO  IDataProvider:97 - Read: Order
2020-12-03 20:06:38 ERROR IDataProvider:102 - Order with id = 0 not found
2020-12-03 20:06:38 INFO  DataProviderXML:73 - File src\main\resources\data\xml\FoodCategory.xml created
2020-12-03 20:06:38 INFO  DataProviderXML:73 - File src\main\resources\data\xml\Order.xml created
2020-12-03 20:06:39 INFO  DataProviderXML:73 - File src\main\resources\data\xml\Puiple.xml created
2020-12-03 20:06:39 INFO  DataProviderXML:73 - File src\main\resources\data\xml\Staff.xml created
2020-12-03 20:06:39 DEBUG IDataProvider:53 - -----writeAndUpdateOrderTest--------------
2020-12-03 20:06:39 ERROR DataProviderXML:110 - Error reading file src\main\resources\data\xml\Order.xml
2020-12-03 20:06:39 ERROR DataProviderXML:111 - org.simpleframework.xml.core.PersistenceException: Constructor not matched for class ru.sfedu.SchoolMeals.model.api.WrapperXML.OrderList
2020-12-03 20:06:39 INFO  IDataProvider:113 - Write: Order
2020-12-03 20:06:39 ERROR DataProviderXML:110 - Error reading file src\main\resources\data\xml\Order.xml
2020-12-03 20:06:39 ERROR DataProviderXML:111 - org.simpleframework.xml.core.PersistenceException: Constructor not matched for class ru.sfedu.SchoolMeals.model.bean.Order
2020-12-03 20:08:07 INFO  DataProviderCSV:101 - File src\main\resources\data\csv\Order.csv created
2020-12-03 20:08:07 INFO  DataProviderCSV:101 - File src\main\resources\data\csv\Staff.csv created
2020-12-03 20:08:07 INFO  DataProviderCSV:101 - File src\main\resources\data\csv\Puiple.csv created
2020-12-03 20:08:07 INFO  DataProviderCSV:101 - File src\main\resources\data\csv\FoodCategory.csv created
2020-12-03 20:08:07 DEBUG IDataProvider:53 - -----writeAndUpdateOrderTest--------------
2020-12-03 20:08:07 INFO  IDataProvider:113 - Write: Order
2020-12-03 20:08:07 INFO  IDataProvider:113 - Write: Order
2020-12-03 20:08:07 INFO  IDataProvider:97 - Read: Order
2020-12-03 20:08:07 ERROR IDataProvider:102 - Order with id = 0 not found
2020-12-03 20:08:07 INFO  DataProviderXML:73 - File src\main\resources\data\xml\FoodCategory.xml created
2020-12-03 20:08:07 INFO  DataProviderXML:73 - File src\main\resources\data\xml\Order.xml created
2020-12-03 20:08:07 INFO  DataProviderXML:73 - File src\main\resources\data\xml\Puiple.xml created
2020-12-03 20:08:07 INFO  DataProviderXML:73 - File src\main\resources\data\xml\Staff.xml created
2020-12-03 20:08:07 DEBUG IDataProvider:53 - -----writeAndUpdateOrderTest--------------
2020-12-03 20:08:07 ERROR DataProviderXML:110 - Error reading file src\main\resources\data\xml\Order.xml
2020-12-03 20:08:07 ERROR DataProviderXML:111 - org.simpleframework.xml.core.PersistenceException: Constructor not matched for class ru.sfedu.SchoolMeals.model.api.WrapperXML.OrderList
2020-12-03 20:08:07 INFO  IDataProvider:113 - Write: Order
2020-12-03 20:08:07 ERROR DataProviderXML:110 - Error reading file src\main\resources\data\xml\Order.xml
2020-12-03 20:08:07 ERROR DataProviderXML:111 - org.simpleframework.xml.core.PersistenceException: Constructor not matched for class ru.sfedu.SchoolMeals.model.bean.Order
2020-12-03 20:09:04 INFO  DataProviderCSV:101 - File src\main\resources\data\csv\Order.csv created
2020-12-03 20:09:04 INFO  DataProviderCSV:101 - File src\main\resources\data\csv\Staff.csv created
2020-12-03 20:09:04 INFO  DataProviderCSV:101 - File src\main\resources\data\csv\Puiple.csv created
2020-12-03 20:09:04 INFO  DataProviderCSV:101 - File src\main\resources\data\csv\FoodCategory.csv created
2020-12-03 20:09:04 DEBUG IDataProvider:53 - -----writeAndUpdateOrderTest--------------
2020-12-03 20:09:04 INFO  IDataProvider:113 - Write: Order
2020-12-03 20:09:04 INFO  IDataProvider:113 - Write: Order
2020-12-03 20:09:04 INFO  IDataProvider:97 - Read: Order
2020-12-03 20:09:04 ERROR IDataProvider:102 - Order with id = 0 not found
2020-12-03 20:09:04 INFO  DataProviderXML:73 - File src\main\resources\data\xml\FoodCategory.xml created
2020-12-03 20:09:04 INFO  DataProviderXML:73 - File src\main\resources\data\xml\Order.xml created
2020-12-03 20:09:04 INFO  DataProviderXML:73 - File src\main\resources\data\xml\Puiple.xml created
2020-12-03 20:09:04 INFO  DataProviderXML:73 - File src\main\resources\data\xml\Staff.xml created
2020-12-03 20:09:04 DEBUG IDataProvider:53 - -----writeAndUpdateOrderTest--------------
2020-12-03 20:09:04 ERROR DataProviderXML:110 - Error reading file src\main\resources\data\xml\Order.xml
2020-12-03 20:09:04 ERROR DataProviderXML:111 - org.simpleframework.xml.core.PersistenceException: Constructor not matched for class ru.sfedu.SchoolMeals.model.api.WrapperXML.OrderList
2020-12-03 20:09:04 INFO  IDataProvider:113 - Write: Order
2020-12-03 20:09:04 ERROR DataProviderXML:110 - Error reading file src\main\resources\data\xml\Order.xml
2020-12-03 20:09:04 ERROR DataProviderXML:111 - org.simpleframework.xml.core.PersistenceException: Constructor not matched for class ru.sfedu.SchoolMeals.model.bean.Order
2020-12-03 20:10:42 INFO  DataProviderXML:73 - File src\main\resources\data\xml\FoodCategory.xml created
2020-12-03 20:10:42 INFO  DataProviderXML:73 - File src\main\resources\data\xml\Order.xml created
2020-12-03 20:10:42 INFO  DataProviderXML:73 - File src\main\resources\data\xml\Puiple.xml created
2020-12-03 20:10:42 INFO  DataProviderXML:73 - File src\main\resources\data\xml\Staff.xml created
2020-12-03 20:10:42 DEBUG IDataProvider:53 - -----writeAndUpdateOrderTest--------------
2020-12-03 20:10:42 ERROR DataProviderXML:110 - Error reading file src\main\resources\data\xml\Order.xml
2020-12-03 20:10:42 ERROR DataProviderXML:111 - org.simpleframework.xml.core.PersistenceException: Constructor not matched for class ru.sfedu.SchoolMeals.model.api.WrapperXML.OrderList
2020-12-03 20:10:43 INFO  IDataProvider:113 - Write: Order
2020-12-03 20:10:43 ERROR DataProviderXML:110 - Error reading file src\main\resources\data\xml\Order.xml
2020-12-03 20:10:43 ERROR DataProviderXML:111 - org.simpleframework.xml.core.PersistenceException: Constructor not matched for class ru.sfedu.SchoolMeals.model.bean.Order
2020-12-03 20:16:23 INFO  DataProviderCSV:101 - File src\main\resources\data\csv\Order.csv created
2020-12-03 20:16:23 INFO  DataProviderCSV:101 - File src\main\resources\data\csv\Staff.csv created
2020-12-03 20:16:23 INFO  DataProviderCSV:101 - File src\main\resources\data\csv\Puiple.csv created
2020-12-03 20:16:23 INFO  DataProviderCSV:101 - File src\main\resources\data\csv\FoodCategory.csv created
2020-12-03 20:16:23 DEBUG IDataProvider:53 - -----writeAndUpdateOrderTest--------------
2020-12-03 20:16:23 INFO  IDataProvider:113 - Write: Order
2020-12-03 20:16:23 INFO  IDataProvider:113 - Write: Order
2020-12-03 20:16:23 INFO  IDataProvider:97 - Read: Order
2020-12-03 20:16:23 INFO  IDataProvider:97 - Read: Order
2020-12-03 20:16:23 ERROR IDataProvider:102 - Order with id = 1 not found
2020-12-03 20:18:54 INFO  DataProviderCSV:101 - File src\main\resources\data\csv\Order.csv created
2020-12-03 20:18:54 INFO  DataProviderCSV:101 - File src\main\resources\data\csv\Staff.csv created
2020-12-03 20:18:54 INFO  DataProviderCSV:101 - File src\main\resources\data\csv\Puiple.csv created
2020-12-03 20:18:54 INFO  DataProviderCSV:101 - File src\main\resources\data\csv\FoodCategory.csv created
2020-12-03 20:18:54 DEBUG IDataProvider:53 - -----writeAndUpdateOrderTest--------------
2020-12-03 20:18:54 INFO  IDataProvider:113 - Write: Order
2020-12-03 20:18:54 INFO  IDataProvider:113 - Write: Order
2020-12-03 20:18:54 INFO  IDataProvider:97 - Read: Order
2020-12-03 20:18:54 INFO  IDataProvider:97 - Read: Order
2020-12-03 20:18:54 ERROR IDataProvider:102 - Order with id = 1 not found
2020-12-03 20:25:56 INFO  DataProviderCSV:101 - File src\main\resources\data\csv\Order.csv created
2020-12-03 20:25:56 INFO  DataProviderCSV:101 - File src\main\resources\data\csv\Staff.csv created
2020-12-03 20:25:56 INFO  DataProviderCSV:101 - File src\main\resources\data\csv\Puiple.csv created
2020-12-03 20:25:56 INFO  DataProviderCSV:101 - File src\main\resources\data\csv\FoodCategory.csv created
2020-12-03 20:25:56 DEBUG IDataProvider:53 - -----writeAndUpdateOrderTest--------------
2020-12-03 20:25:56 INFO  IDataProvider:113 - Write: Order
2020-12-03 20:25:56 INFO  IDataProvider:113 - Write: Order
2020-12-03 20:25:56 INFO  IDataProvider:97 - Read: Order
2020-12-03 20:25:56 INFO  IDataProvider:97 - Read: Order
2020-12-03 20:25:56 ERROR IDataProvider:102 - Order with id = 1 not found
2020-12-03 20:26:33 INFO  DataProviderCSV:101 - File src\main\resources\data\csv\Order.csv created
2020-12-03 20:26:33 INFO  DataProviderCSV:101 - File src\main\resources\data\csv\Staff.csv created
2020-12-03 20:26:33 INFO  DataProviderCSV:101 - File src\main\resources\data\csv\Puiple.csv created
2020-12-03 20:26:33 INFO  DataProviderCSV:101 - File src\main\resources\data\csv\FoodCategory.csv created
2020-12-03 20:26:33 DEBUG IDataProvider:53 - -----writeAndUpdateOrderTest--------------
2020-12-03 20:26:33 INFO  IDataProvider:113 - Write: Order
2020-12-03 20:26:33 INFO  IDataProvider:113 - Write: Order
2020-12-03 20:26:33 INFO  IDataProvider:97 - Read: Order
2020-12-03 20:26:33 INFO  IDataProvider:97 - Read: Order
2020-12-03 20:26:33 INFO  IDataProvider:113 - Write: Order
2020-12-03 20:26:33 INFO  IDataProvider:97 - Read: Order
2020-12-03 20:28:23 INFO  DataProviderCSV:101 - File src\main\resources\data\csv\Order.csv created
2020-12-03 20:28:23 INFO  DataProviderCSV:101 - File src\main\resources\data\csv\Staff.csv created
2020-12-03 20:28:23 INFO  DataProviderCSV:101 - File src\main\resources\data\csv\Puiple.csv created
2020-12-03 20:28:23 INFO  DataProviderCSV:101 - File src\main\resources\data\csv\FoodCategory.csv created
2020-12-03 20:28:23 DEBUG IDataProvider:53 - -----writeAndUpdateOrderTest--------------
2020-12-03 20:28:23 INFO  IDataProvider:113 - Write: Order
2020-12-03 20:28:23 INFO  IDataProvider:113 - Write: Order
2020-12-03 20:28:23 INFO  IDataProvider:97 - Read: Order
2020-12-03 20:28:23 INFO  IDataProvider:97 - Read: Order
2020-12-03 20:28:23 INFO  IDataProvider:97 - Read: Order
2020-12-03 20:29:26 INFO  DataProviderCSV:101 - File src\main\resources\data\csv\Order.csv created
2020-12-03 20:29:26 INFO  DataProviderCSV:101 - File src\main\resources\data\csv\Staff.csv created
2020-12-03 20:29:26 INFO  DataProviderCSV:101 - File src\main\resources\data\csv\Puiple.csv created
2020-12-03 20:29:26 INFO  DataProviderCSV:101 - File src\main\resources\data\csv\FoodCategory.csv created
2020-12-03 20:29:26 DEBUG IDataProvider:53 - -----writeAndUpdateOrderTest--------------
2020-12-03 20:29:26 INFO  IDataProvider:113 - Write: Order
2020-12-03 20:29:26 INFO  IDataProvider:113 - Write: Order
2020-12-03 20:29:26 INFO  IDataProvider:97 - Read: Order
2020-12-03 20:29:26 INFO  IDataProvider:97 - Read: Order
2020-12-03 20:29:26 INFO  IDataProvider:97 - Read: Order
2020-12-03 21:05:04 INFO  DataProviderCSV:101 - File src\main\resources\data\csv\Order.csv created
2020-12-03 21:05:04 INFO  DataProviderCSV:101 - File src\main\resources\data\csv\Staff.csv created
2020-12-03 21:05:04 INFO  DataProviderCSV:101 - File src\main\resources\data\csv\Puiple.csv created
2020-12-03 21:05:04 INFO  DataProviderCSV:101 - File src\main\resources\data\csv\FoodCategory.csv created
2020-12-03 21:05:04 DEBUG IDataProvider:53 - -----writeAndUpdateOrderTest--------------
2020-12-03 21:05:05 INFO  IDataProvider:113 - Write: Order
2020-12-03 21:05:05 INFO  IDataProvider:113 - Write: Order
2020-12-03 21:05:05 INFO  IDataProvider:97 - Read: Order
2020-12-03 21:05:05 INFO  IDataProvider:97 - Read: Order
2020-12-03 21:05:05 INFO  IDataProvider:97 - Read: Order
2020-12-03 21:07:30 INFO  DataProviderCSV:101 - File src\main\resources\data\csv\Order.csv created
2020-12-03 21:07:30 INFO  DataProviderCSV:101 - File src\main\resources\data\csv\Staff.csv created
2020-12-03 21:07:30 INFO  DataProviderCSV:101 - File src\main\resources\data\csv\Puiple.csv created
2020-12-03 21:07:30 INFO  DataProviderCSV:101 - File src\main\resources\data\csv\FoodCategory.csv created
2020-12-03 21:07:30 DEBUG IDataProvider:53 - -----writeAndUpdateOrderTest--------------
2020-12-03 21:07:30 INFO  IDataProvider:113 - Write: Order
2020-12-03 21:07:30 INFO  IDataProvider:113 - Write: Order
2020-12-03 21:07:30 INFO  IDataProvider:97 - Read: Order
2020-12-03 21:07:30 INFO  IDataProvider:97 - Read: Order
2020-12-03 21:07:30 INFO  IDataProvider:97 - Read: Order
2020-12-03 21:08:24 INFO  DataProviderCSV:101 - File src\main\resources\data\csv\Order.csv created
2020-12-03 21:08:24 INFO  DataProviderCSV:101 - File src\main\resources\data\csv\Staff.csv created
2020-12-03 21:08:24 INFO  DataProviderCSV:101 - File src\main\resources\data\csv\Puiple.csv created
2020-12-03 21:08:24 INFO  DataProviderCSV:101 - File src\main\resources\data\csv\FoodCategory.csv created
2020-12-03 21:08:24 DEBUG IDataProvider:53 - -----writeAndUpdateOrderTest--------------
2020-12-03 21:08:24 INFO  IDataProvider:113 - Write: Order
2020-12-03 21:08:24 INFO  IDataProvider:113 - Write: Order
2020-12-03 21:08:24 INFO  IDataProvider:97 - Read: Order
2020-12-03 21:08:24 INFO  IDataProvider:97 - Read: Order
2020-12-03 21:08:24 INFO  IDataProvider:113 - Write: Order
2020-12-03 21:08:24 INFO  IDataProvider:97 - Read: Order
2020-12-03 21:09:36 INFO  DataProviderCSV:101 - File src\main\resources\data\csv\Order.csv created
2020-12-03 21:09:36 INFO  DataProviderCSV:101 - File src\main\resources\data\csv\Staff.csv created
2020-12-03 21:09:36 INFO  DataProviderCSV:101 - File src\main\resources\data\csv\Puiple.csv created
2020-12-03 21:09:36 INFO  DataProviderCSV:101 - File src\main\resources\data\csv\FoodCategory.csv created
2020-12-03 21:09:36 DEBUG IDataProvider:69 - -----deleteOrderTest--------------
2020-12-03 21:09:36 INFO  IDataProvider:113 - Write: Order
2020-12-03 21:09:36 INFO  IDataProvider:113 - Write: Order
2020-12-03 21:09:36 INFO  IDataProvider:97 - Read: Order
2020-12-03 21:09:36 INFO  IDataProvider:123 - Delete: Order
2020-12-03 21:09:36 INFO  IDataProvider:97 - Read: Order
2020-12-03 21:09:36 ERROR IDataProvider:102 - Order with id = 3 not found
2020-12-03 21:09:36 INFO  IDataProvider:123 - Delete: Order
2020-12-03 21:11:27 INFO  DataProviderCSV:101 - File src\main\resources\data\csv\Order.csv created
2020-12-03 21:11:27 INFO  DataProviderCSV:101 - File src\main\resources\data\csv\Staff.csv created
2020-12-03 21:11:27 INFO  DataProviderCSV:101 - File src\main\resources\data\csv\Puiple.csv created
2020-12-03 21:11:27 INFO  DataProviderCSV:101 - File src\main\resources\data\csv\FoodCategory.csv created
2020-12-03 21:14:26 INFO  DataProviderCSV:101 - File src\main\resources\data\csv\Order.csv created
2020-12-03 21:14:26 INFO  DataProviderCSV:101 - File src\main\resources\data\csv\Staff.csv created
2020-12-03 21:14:26 INFO  DataProviderCSV:101 - File src\main\resources\data\csv\Puiple.csv created
2020-12-03 21:14:26 INFO  DataProviderCSV:101 - File src\main\resources\data\csv\FoodCategory.csv created
2020-12-03 21:17:48 INFO  DataProviderCSV:101 - File src\main\resources\data\csv\Order.csv created
2020-12-03 21:17:48 INFO  DataProviderCSV:101 - File src\main\resources\data\csv\Staff.csv created
2020-12-03 21:17:48 INFO  DataProviderCSV:101 - File src\main\resources\data\csv\Puiple.csv created
2020-12-03 21:17:48 INFO  DataProviderCSV:101 - File src\main\resources\data\csv\FoodCategory.csv created
2020-12-03 21:17:48 INFO  IDataProvider:113 - Write: Staff
2020-12-03 21:17:48 INFO  IDataProvider:113 - Write: Staff
2020-12-03 21:17:48 INFO  IDataProvider:97 - Read: Staff
2020-12-03 21:17:48 INFO  IDataProvider:97 - Read: Staff
2020-12-03 21:17:48 INFO  IDataProvider:113 - Write: Staff
2020-12-03 21:17:48 INFO  IDataProvider:97 - Read: Staff
2020-12-03 21:19:20 INFO  DataProviderCSV:101 - File src\main\resources\data\csv\Order.csv created
2020-12-03 21:19:20 INFO  DataProviderCSV:101 - File src\main\resources\data\csv\Staff.csv created
2020-12-03 21:19:20 INFO  DataProviderCSV:101 - File src\main\resources\data\csv\Puiple.csv created
2020-12-03 21:19:20 INFO  DataProviderCSV:101 - File src\main\resources\data\csv\FoodCategory.csv created
2020-12-03 21:19:20 INFO  IDataProvider:113 - Write: Staff
2020-12-03 21:19:20 INFO  IDataProvider:113 - Write: Staff
2020-12-03 21:19:20 INFO  IDataProvider:97 - Read: Staff
2020-12-03 21:19:20 INFO  IDataProvider:97 - Read: Staff
2020-12-03 21:19:20 INFO  IDataProvider:113 - Write: Staff
2020-12-03 21:19:20 INFO  IDataProvider:97 - Read: Staff
2020-12-03 21:20:12 INFO  DataProviderCSV:101 - File src\main\resources\data\csv\Order.csv created
2020-12-03 21:20:12 INFO  DataProviderCSV:101 - File src\main\resources\data\csv\Staff.csv created
2020-12-03 21:20:12 INFO  DataProviderCSV:101 - File src\main\resources\data\csv\Puiple.csv created
2020-12-03 21:20:12 INFO  DataProviderCSV:101 - File src\main\resources\data\csv\FoodCategory.csv created
2020-12-03 21:20:12 INFO  IDataProvider:113 - Write: Staff
2020-12-03 21:20:12 INFO  IDataProvider:113 - Write: Staff
2020-12-03 21:20:12 INFO  IDataProvider:97 - Read: Staff
2020-12-03 21:20:12 INFO  IDataProvider:97 - Read: Staff
2020-12-03 21:20:12 INFO  IDataProvider:113 - Write: Staff
2020-12-03 21:20:12 INFO  IDataProvider:97 - Read: Staff
2020-12-03 21:20:12 ERROR IDataProvider:102 - Staff with id = 11 not found
2020-12-03 21:20:30 INFO  DataProviderCSV:101 - File src\main\resources\data\csv\Order.csv created
2020-12-03 21:20:30 INFO  DataProviderCSV:101 - File src\main\resources\data\csv\Staff.csv created
2020-12-03 21:20:30 INFO  DataProviderCSV:101 - File src\main\resources\data\csv\Puiple.csv created
2020-12-03 21:20:30 INFO  DataProviderCSV:101 - File src\main\resources\data\csv\FoodCategory.csv created
2020-12-03 21:20:30 INFO  IDataProvider:113 - Write: Staff
2020-12-03 21:20:30 INFO  IDataProvider:113 - Write: Staff
2020-12-03 21:20:30 INFO  IDataProvider:97 - Read: Staff
2020-12-03 21:20:30 INFO  IDataProvider:97 - Read: Staff
2020-12-03 21:20:30 INFO  IDataProvider:113 - Write: Staff
2020-12-03 21:20:30 INFO  IDataProvider:97 - Read: Staff
2020-12-03 21:21:00 INFO  DataProviderCSV:101 - File src\main\resources\data\csv\Order.csv created
2020-12-03 21:21:00 INFO  DataProviderCSV:101 - File src\main\resources\data\csv\Staff.csv created
2020-12-03 21:21:00 INFO  DataProviderCSV:101 - File src\main\resources\data\csv\Puiple.csv created
2020-12-03 21:21:00 INFO  DataProviderCSV:101 - File src\main\resources\data\csv\FoodCategory.csv created
2020-12-03 21:21:00 INFO  IDataProvider:113 - Write: Staff
2020-12-03 21:21:00 INFO  IDataProvider:113 - Write: Staff
2020-12-03 21:21:00 INFO  IDataProvider:97 - Read: Staff
2020-12-03 21:21:00 INFO  IDataProvider:97 - Read: Staff
2020-12-03 21:21:00 INFO  IDataProvider:113 - Write: Staff
2020-12-03 21:21:00 INFO  IDataProvider:97 - Read: Staff
2020-12-03 21:22:16 INFO  DataProviderCSV:101 - File src\main\resources\data\csv\Order.csv created
2020-12-03 21:22:16 INFO  DataProviderCSV:101 - File src\main\resources\data\csv\Staff.csv created
2020-12-03 21:22:16 INFO  DataProviderCSV:101 - File src\main\resources\data\csv\Puiple.csv created
2020-12-03 21:22:16 INFO  DataProviderCSV:101 - File src\main\resources\data\csv\FoodCategory.csv created
2020-12-03 21:22:16 DEBUG IDataProvider:95 - -----deleteStaffTest--------------
2020-12-03 21:22:16 INFO  IDataProvider:113 - Write: Staff
2020-12-03 21:22:16 INFO  IDataProvider:113 - Write: Staff
2020-12-03 21:22:16 INFO  IDataProvider:97 - Read: Staff
2020-12-03 21:22:16 INFO  IDataProvider:123 - Delete: Staff
2020-12-03 21:22:16 INFO  IDataProvider:97 - Read: Staff
2020-12-03 21:22:16 ERROR IDataProvider:102 - Staff with id = 3 not found
2020-12-03 21:22:16 INFO  IDataProvider:123 - Delete: Staff
2020-12-03 21:24:53 INFO  DataProviderCSV:101 - File src\main\resources\data\csv\Order.csv created
2020-12-03 21:24:53 INFO  DataProviderCSV:101 - File src\main\resources\data\csv\Staff.csv created
2020-12-03 21:24:53 INFO  DataProviderCSV:101 - File src\main\resources\data\csv\Puiple.csv created
2020-12-03 21:24:53 INFO  DataProviderCSV:101 - File src\main\resources\data\csv\FoodCategory.csv created
2020-12-03 21:24:53 INFO  IDataProvider:113 - Write: FoodCategory
2020-12-03 21:24:53 INFO  IDataProvider:113 - Write: FoodCategory
2020-12-03 21:24:53 INFO  IDataProvider:97 - Read: FoodCategory
2020-12-03 21:24:53 INFO  IDataProvider:97 - Read: FoodCategory
2020-12-03 21:24:53 INFO  IDataProvider:113 - Write: FoodCategory
2020-12-03 21:24:53 INFO  IDataProvider:97 - Read: FoodCategory
2020-12-03 21:26:20 INFO  DataProviderCSV:101 - File src\main\resources\data\csv\Order.csv created
2020-12-03 21:26:20 INFO  DataProviderCSV:101 - File src\main\resources\data\csv\Staff.csv created
2020-12-03 21:26:20 INFO  DataProviderCSV:101 - File src\main\resources\data\csv\Puiple.csv created
2020-12-03 21:26:20 INFO  DataProviderCSV:101 - File src\main\resources\data\csv\FoodCategory.csv created
2020-12-03 21:26:21 INFO  IDataProvider:113 - Write: FoodCategory
2020-12-03 21:26:21 INFO  IDataProvider:113 - Write: FoodCategory
2020-12-03 21:26:21 INFO  IDataProvider:97 - Read: FoodCategory
2020-12-03 21:26:21 INFO  IDataProvider:97 - Read: FoodCategory
2020-12-03 21:26:21 INFO  IDataProvider:113 - Write: FoodCategory
2020-12-03 21:26:21 INFO  IDataProvider:97 - Read: FoodCategory
2020-12-03 21:29:16 INFO  DataProviderCSV:101 - File src\main\resources\data\csv\Order.csv created
2020-12-03 21:29:16 INFO  DataProviderCSV:101 - File src\main\resources\data\csv\Staff.csv created
2020-12-03 21:29:16 INFO  DataProviderCSV:101 - File src\main\resources\data\csv\Puiple.csv created
2020-12-03 21:29:16 INFO  DataProviderCSV:101 - File src\main\resources\data\csv\FoodCategory.csv created
2020-12-03 21:29:16 INFO  IDataProvider:113 - Write: FoodCategory
2020-12-03 21:29:16 INFO  IDataProvider:113 - Write: FoodCategory
2020-12-03 21:29:16 INFO  IDataProvider:97 - Read: FoodCategory
2020-12-03 21:29:16 INFO  IDataProvider:123 - Delete: FoodCategory
2020-12-03 21:29:16 INFO  IDataProvider:97 - Read: FoodCategory
2020-12-03 21:29:16 ERROR IDataProvider:102 - FoodCategory with id = 3 not found
2020-12-03 21:29:16 INFO  IDataProvider:123 - Delete: FoodCategory
2020-12-03 21:34:49 INFO  DataProviderCSV:101 - File src\main\resources\data\csv\Order.csv created
2020-12-03 21:34:49 INFO  DataProviderCSV:101 - File src\main\resources\data\csv\Staff.csv created
2020-12-03 21:34:49 INFO  DataProviderCSV:101 - File src\main\resources\data\csv\Puiple.csv created
2020-12-03 21:34:49 INFO  DataProviderCSV:101 - File src\main\resources\data\csv\FoodCategory.csv created
2020-12-03 21:34:49 DEBUG IDataProvider:106 - -----writeAndUpdatePuipleTest--------------
2020-12-03 21:34:49 INFO  IDataProvider:113 - Write: Puiple
2020-12-03 21:36:50 INFO  DataProviderCSV:101 - File src\main\resources\data\csv\Order.csv created
2020-12-03 21:36:50 INFO  DataProviderCSV:101 - File src\main\resources\data\csv\Staff.csv created
2020-12-03 21:36:50 INFO  DataProviderCSV:101 - File src\main\resources\data\csv\Puiple.csv created
2020-12-03 21:36:50 INFO  DataProviderCSV:101 - File src\main\resources\data\csv\FoodCategory.csv created
2020-12-03 21:36:50 DEBUG IDataProvider:106 - -----writeAndUpdatePuipleTest--------------
2020-12-03 21:36:50 INFO  IDataProvider:113 - Write: Puiple
2020-12-03 21:37:37 INFO  DataProviderCSV:101 - File src\main\resources\data\csv\Order.csv created
2020-12-03 21:37:37 INFO  DataProviderCSV:101 - File src\main\resources\data\csv\Staff.csv created
2020-12-03 21:37:37 INFO  DataProviderCSV:101 - File src\main\resources\data\csv\Puiple.csv created
2020-12-03 21:37:37 INFO  DataProviderCSV:101 - File src\main\resources\data\csv\FoodCategory.csv created
2020-12-03 21:37:37 DEBUG IDataProvider:106 - -----writeAndUpdatePuipleTest--------------
2020-12-03 21:37:37 INFO  IDataProvider:113 - Write: Puiple
2020-12-03 21:37:43 INFO  DataProviderCSV:101 - File src\main\resources\data\csv\Order.csv created
2020-12-03 21:37:43 INFO  DataProviderCSV:101 - File src\main\resources\data\csv\Staff.csv created
2020-12-03 21:37:43 INFO  DataProviderCSV:101 - File src\main\resources\data\csv\Puiple.csv created
2020-12-03 21:37:43 INFO  DataProviderCSV:101 - File src\main\resources\data\csv\FoodCategory.csv created
2020-12-03 21:37:43 DEBUG IDataProvider:120 - -----deletePuipleTest--------------
2020-12-03 21:37:43 INFO  IDataProvider:113 - Write: Puiple
2020-12-03 21:37:43 ERROR DataProviderCSV:40 - Error reading file src\main\resources\data\csv\Puiple.csv
2020-12-03 21:37:43 INFO  IDataProvider:113 - Write: Puiple
2020-12-03 21:40:13 INFO  DataProviderCSV:101 - File src\main\resources\data\csv\Order.csv created
2020-12-03 21:40:13 INFO  DataProviderCSV:101 - File src\main\resources\data\csv\Staff.csv created
2020-12-03 21:40:13 INFO  DataProviderCSV:101 - File src\main\resources\data\csv\Puiple.csv created
2020-12-03 21:40:13 INFO  DataProviderCSV:101 - File src\main\resources\data\csv\FoodCategory.csv created
2020-12-03 21:40:13 DEBUG IDataProvider:106 - -----writeAndUpdatePuipleTest--------------
2020-12-03 21:40:13 INFO  IDataProvider:113 - Write: Puiple
2020-12-03 21:43:07 INFO  DataProviderCSV:101 - File src\main\resources\data\csv\Order.csv created
2020-12-03 21:43:07 INFO  DataProviderCSV:101 - File src\main\resources\data\csv\Staff.csv created
2020-12-03 21:43:07 INFO  DataProviderCSV:101 - File src\main\resources\data\csv\Puiple.csv created
2020-12-03 21:43:07 INFO  DataProviderCSV:101 - File src\main\resources\data\csv\FoodCategory.csv created
2020-12-03 21:43:07 DEBUG IDataProvider:106 - -----writeAndUpdatePuipleTest--------------
2020-12-03 21:43:07 INFO  IDataProvider:113 - Write: Puiple
2020-12-03 21:44:19 INFO  DataProviderCSV:101 - File src\main\resources\data\csv\Order.csv created
2020-12-03 21:44:19 INFO  DataProviderCSV:101 - File src\main\resources\data\csv\Staff.csv created
2020-12-03 21:44:19 INFO  DataProviderCSV:101 - File src\main\resources\data\csv\Puiple.csv created
2020-12-03 21:44:19 INFO  DataProviderCSV:101 - File src\main\resources\data\csv\FoodCategory.csv created
2020-12-03 21:44:19 DEBUG IDataProvider:106 - -----writeAndUpdatePuipleTest--------------
2020-12-03 21:44:19 INFO  IDataProvider:113 - Write: Puiple
2020-12-03 21:44:19 INFO  IDataProvider:113 - Write: Puiple
2020-12-03 21:44:19 INFO  IDataProvider:97 - Read: Staff
2020-12-03 21:44:19 ERROR IDataProvider:102 - Staff with id = 0 not found
2020-12-03 21:45:05 INFO  DataProviderCSV:101 - File src\main\resources\data\csv\Order.csv created
2020-12-03 21:45:05 INFO  DataProviderCSV:101 - File src\main\resources\data\csv\Staff.csv created
2020-12-03 21:45:05 INFO  DataProviderCSV:101 - File src\main\resources\data\csv\Puiple.csv created
2020-12-03 21:45:05 INFO  DataProviderCSV:101 - File src\main\resources\data\csv\FoodCategory.csv created
2020-12-03 21:45:05 DEBUG IDataProvider:106 - -----writeAndUpdatePuipleTest--------------
2020-12-03 21:45:05 INFO  IDataProvider:113 - Write: Puiple
2020-12-03 21:45:05 INFO  IDataProvider:113 - Write: Puiple
2020-12-03 21:45:05 INFO  IDataProvider:97 - Read: Puiple
2020-12-03 21:45:05 INFO  IDataProvider:97 - Read: Puiple
2020-12-03 21:45:05 INFO  IDataProvider:113 - Write: Puiple
2020-12-03 21:45:05 INFO  IDataProvider:97 - Read: Puiple
2020-12-03 21:45:13 INFO  DataProviderCSV:101 - File src\main\resources\data\csv\Order.csv created
2020-12-03 21:45:13 INFO  DataProviderCSV:101 - File src\main\resources\data\csv\Staff.csv created
2020-12-03 21:45:13 INFO  DataProviderCSV:101 - File src\main\resources\data\csv\Puiple.csv created
2020-12-03 21:45:13 INFO  DataProviderCSV:101 - File src\main\resources\data\csv\FoodCategory.csv created
2020-12-03 21:45:13 DEBUG IDataProvider:120 - -----deletePuipleTest--------------
2020-12-03 21:45:13 INFO  IDataProvider:113 - Write: Puiple
2020-12-03 21:45:13 INFO  IDataProvider:113 - Write: Puiple
2020-12-03 21:45:13 INFO  IDataProvider:97 - Read: Puiple
2020-12-03 21:45:13 INFO  IDataProvider:123 - Delete: Puiple
2020-12-03 21:45:13 INFO  IDataProvider:97 - Read: Puiple
2020-12-03 21:45:13 ERROR IDataProvider:102 - Puiple with id = 3 not found
2020-12-03 21:45:13 INFO  IDataProvider:123 - Delete: Puiple
2020-12-03 21:50:37 INFO  DataProviderCSV:101 - File src\main\resources\data\csv\Order.csv created
2020-12-03 21:50:37 INFO  DataProviderCSV:101 - File src\main\resources\data\csv\Staff.csv created
2020-12-03 21:50:37 INFO  DataProviderCSV:101 - File src\main\resources\data\csv\Puiple.csv created
2020-12-03 21:50:37 INFO  DataProviderCSV:101 - File src\main\resources\data\csv\FoodCategory.csv created
2020-12-03 21:50:37 INFO  IDataProvider:113 - Write: FoodCategory
2020-12-03 21:50:37 INFO  IDataProvider:113 - Write: FoodCategory
2020-12-03 21:50:37 INFO  IDataProvider:97 - Read: FoodCategory
2020-12-03 21:50:37 INFO  IDataProvider:113 - Write: FoodItem
2020-12-03 21:50:37 INFO  IDataProvider:97 - Read: FoodCategory
2020-12-03 21:50:37 INFO  IDataProvider:113 - Write: FoodItem
2020-12-03 21:50:37 INFO  IDataProvider:97 - Read: FoodItem
2020-12-03 21:53:07 INFO  DataProviderCSV:101 - File src\main\resources\data\csv\Order.csv created
2020-12-03 21:53:07 INFO  DataProviderCSV:101 - File src\main\resources\data\csv\Staff.csv created
2020-12-03 21:53:07 INFO  DataProviderCSV:101 - File src\main\resources\data\csv\Puiple.csv created
2020-12-03 21:53:07 INFO  DataProviderCSV:101 - File src\main\resources\data\csv\FoodCategory.csv created
2020-12-03 21:53:07 INFO  IDataProvider:113 - Write: FoodCategory
2020-12-03 21:53:07 INFO  IDataProvider:113 - Write: FoodCategory
2020-12-03 21:53:07 INFO  IDataProvider:97 - Read: FoodCategory
2020-12-03 21:53:07 INFO  IDataProvider:113 - Write: FoodItem
2020-12-03 21:53:07 INFO  IDataProvider:97 - Read: FoodCategory
2020-12-03 21:53:07 INFO  IDataProvider:113 - Write: FoodItem
2020-12-03 21:53:07 INFO  IDataProvider:97 - Read: FoodItem
2020-12-03 21:53:07 INFO  IDataProvider:97 - Read: FoodItem
2020-12-03 21:53:07 ERROR IDataProvider:102 - FoodItem with id = 2 not found
2020-12-03 21:54:26 INFO  DataProviderCSV:101 - File src\main\resources\data\csv\Order.csv created
2020-12-03 21:54:26 INFO  DataProviderCSV:101 - File src\main\resources\data\csv\Staff.csv created
2020-12-03 21:54:26 INFO  DataProviderCSV:101 - File src\main\resources\data\csv\Puiple.csv created
2020-12-03 21:54:26 INFO  DataProviderCSV:101 - File src\main\resources\data\csv\FoodCategory.csv created
2020-12-03 21:54:26 INFO  IDataProvider:113 - Write: FoodCategory
2020-12-03 21:54:27 INFO  IDataProvider:113 - Write: FoodCategory
2020-12-03 21:54:27 INFO  IDataProvider:97 - Read: FoodCategory
2020-12-03 21:54:27 INFO  IDataProvider:113 - Write: FoodItem
2020-12-03 21:54:27 INFO  IDataProvider:97 - Read: FoodCategory
2020-12-03 21:54:27 INFO  IDataProvider:113 - Write: FoodItem
2020-12-03 21:54:27 INFO  IDataProvider:97 - Read: FoodItem
2020-12-03 21:54:27 INFO  IDataProvider:97 - Read: FoodItem
2020-12-03 21:54:27 INFO  IDataProvider:97 - Read: FoodCategory
2020-12-03 21:54:27 INFO  IDataProvider:113 - Write: FoodItem
2020-12-03 21:54:27 INFO  IDataProvider:97 - Read: FoodItem
2020-12-03 21:55:20 INFO  DataProviderCSV:101 - File src\main\resources\data\csv\Order.csv created
2020-12-03 21:55:20 INFO  DataProviderCSV:101 - File src\main\resources\data\csv\Staff.csv created
2020-12-03 21:55:20 INFO  DataProviderCSV:101 - File src\main\resources\data\csv\Puiple.csv created
2020-12-03 21:55:20 INFO  DataProviderCSV:101 - File src\main\resources\data\csv\FoodCategory.csv created
2020-12-03 21:55:20 INFO  IDataProvider:113 - Write: FoodCategory
2020-12-03 21:55:20 INFO  IDataProvider:113 - Write: FoodCategory
2020-12-03 21:55:20 INFO  IDataProvider:97 - Read: FoodCategory
2020-12-03 21:55:20 INFO  IDataProvider:113 - Write: FoodItem
2020-12-03 21:56:27 INFO  DataProviderCSV:101 - File src\main\resources\data\csv\Order.csv created
2020-12-03 21:56:27 INFO  DataProviderCSV:101 - File src\main\resources\data\csv\Staff.csv created
2020-12-03 21:56:27 INFO  DataProviderCSV:101 - File src\main\resources\data\csv\Puiple.csv created
2020-12-03 21:56:27 INFO  DataProviderCSV:101 - File src\main\resources\data\csv\FoodCategory.csv created
2020-12-03 21:56:27 INFO  IDataProvider:113 - Write: FoodCategory
2020-12-03 21:56:27 INFO  IDataProvider:113 - Write: FoodCategory
2020-12-03 21:56:27 INFO  IDataProvider:97 - Read: FoodCategory
2020-12-03 21:56:27 INFO  IDataProvider:113 - Write: FoodItem
2020-12-03 21:56:27 INFO  DataProviderCSV:101 - File src\main\resources\data\csv\Order.csv created
2020-12-03 21:56:27 INFO  DataProviderCSV:101 - File src\main\resources\data\csv\Staff.csv created
2020-12-03 21:56:27 INFO  DataProviderCSV:101 - File src\main\resources\data\csv\Puiple.csv created
2020-12-03 21:56:27 INFO  DataProviderCSV:101 - File src\main\resources\data\csv\FoodCategory.csv created
2020-12-03 21:56:27 INFO  IDataProvider:113 - Write: FoodCategory
2020-12-03 21:56:27 INFO  IDataProvider:113 - Write: FoodCategory
2020-12-03 21:56:27 INFO  IDataProvider:113 - Write: Staff
2020-12-03 21:56:27 INFO  IDataProvider:113 - Write: Staff
2020-12-03 21:56:27 INFO  IDataProvider:97 - Read: FoodCategory
2020-12-03 21:56:27 INFO  IDataProvider:113 - Write: FoodItem
2020-12-03 21:56:27 INFO  IDataProvider:97 - Read: FoodCategory
2020-12-03 21:56:27 INFO  IDataProvider:113 - Write: FoodItem
2020-12-03 21:56:27 INFO  IDataProvider:97 - Read: FoodItem
2020-12-03 21:56:27 ERROR IDataProvider:102 - FoodItem with id = 0 not found
2020-12-03 21:56:27 INFO  IDataProvider:123 - Delete: FoodItem
2020-12-03 21:57:57 INFO  DataProviderCSV:101 - File src\main\resources\data\csv\Order.csv created
2020-12-03 21:57:57 INFO  DataProviderCSV:101 - File src\main\resources\data\csv\Staff.csv created
2020-12-03 21:57:57 INFO  DataProviderCSV:101 - File src\main\resources\data\csv\Puiple.csv created
2020-12-03 21:57:57 INFO  DataProviderCSV:101 - File src\main\resources\data\csv\FoodCategory.csv created
2020-12-03 21:57:57 INFO  DataProviderCSV:101 - File src\main\resources\data\csv\FoodItem.csv created
2020-12-03 21:57:57 DEBUG IDataProvider:158 - -----writeAndUpdateFoodItemTest--------------
2020-12-03 21:57:57 INFO  IDataProvider:113 - Write: FoodCategory
2020-12-03 21:57:57 INFO  IDataProvider:113 - Write: FoodCategory
2020-12-03 21:57:57 INFO  IDataProvider:97 - Read: FoodCategory
2020-12-03 21:57:57 INFO  IDataProvider:113 - Write: FoodItem
2020-12-03 21:57:57 INFO  IDataProvider:97 - Read: FoodCategory
2020-12-03 21:57:57 INFO  IDataProvider:113 - Write: FoodItem
2020-12-03 21:57:57 INFO  IDataProvider:97 - Read: FoodItem
2020-12-03 21:57:57 INFO  IDataProvider:97 - Read: FoodItem
2020-12-03 21:57:57 INFO  IDataProvider:97 - Read: FoodCategory
2020-12-03 21:57:57 INFO  IDataProvider:113 - Write: FoodItem
2020-12-03 21:57:57 INFO  IDataProvider:97 - Read: FoodItem
2020-12-03 21:58:12 INFO  DataProviderCSV:101 - File src\main\resources\data\csv\Order.csv created
2020-12-03 21:58:12 INFO  DataProviderCSV:101 - File src\main\resources\data\csv\Staff.csv created
2020-12-03 21:58:12 INFO  DataProviderCSV:101 - File src\main\resources\data\csv\Puiple.csv created
2020-12-03 21:58:12 INFO  DataProviderCSV:101 - File src\main\resources\data\csv\FoodCategory.csv created
2020-12-03 21:58:12 DEBUG IDataProvider:174 - -----deleteFoodItemTest--------------
2020-12-03 21:58:12 INFO  IDataProvider:113 - Write: FoodCategory
2020-12-03 21:58:12 INFO  IDataProvider:113 - Write: FoodCategory
2020-12-03 21:58:12 INFO  IDataProvider:113 - Write: Staff
2020-12-03 21:58:12 INFO  IDataProvider:113 - Write: Staff
2020-12-03 21:58:12 INFO  IDataProvider:97 - Read: FoodCategory
2020-12-03 21:58:12 INFO  IDataProvider:113 - Write: FoodItem
2020-12-03 21:58:12 INFO  IDataProvider:97 - Read: FoodCategory
2020-12-03 21:58:12 INFO  IDataProvider:113 - Write: FoodItem
2020-12-03 21:58:12 INFO  IDataProvider:97 - Read: FoodItem
2020-12-03 21:58:12 ERROR IDataProvider:102 - FoodItem with id = 0 not found
2020-12-03 21:58:12 INFO  IDataProvider:123 - Delete: FoodItem
2020-12-03 21:58:56 INFO  DataProviderCSV:101 - File src\main\resources\data\csv\Order.csv created
2020-12-03 21:58:56 INFO  DataProviderCSV:101 - File src\main\resources\data\csv\Staff.csv created
2020-12-03 21:58:56 INFO  DataProviderCSV:101 - File src\main\resources\data\csv\Puiple.csv created
2020-12-03 21:58:56 INFO  DataProviderCSV:101 - File src\main\resources\data\csv\FoodCategory.csv created
2020-12-03 21:58:56 DEBUG IDataProvider:174 - -----deleteFoodItemTest--------------
2020-12-03 21:58:56 INFO  IDataProvider:113 - Write: FoodCategory
2020-12-03 21:58:56 INFO  IDataProvider:113 - Write: FoodCategory
2020-12-03 21:58:56 INFO  IDataProvider:97 - Read: FoodCategory
2020-12-03 21:58:56 INFO  IDataProvider:113 - Write: FoodItem
2020-12-03 21:58:56 INFO  IDataProvider:97 - Read: FoodCategory
2020-12-03 21:58:56 INFO  IDataProvider:113 - Write: FoodItem
2020-12-03 21:58:56 INFO  IDataProvider:97 - Read: FoodItem
2020-12-03 21:58:56 ERROR IDataProvider:102 - FoodItem with id = 0 not found
2020-12-03 21:58:56 INFO  IDataProvider:123 - Delete: FoodItem
2020-12-03 21:59:20 INFO  DataProviderCSV:101 - File src\main\resources\data\csv\Order.csv created
2020-12-03 21:59:20 INFO  DataProviderCSV:101 - File src\main\resources\data\csv\Staff.csv created
2020-12-03 21:59:20 INFO  DataProviderCSV:101 - File src\main\resources\data\csv\Puiple.csv created
2020-12-03 21:59:20 INFO  DataProviderCSV:101 - File src\main\resources\data\csv\FoodCategory.csv created
2020-12-03 21:59:20 DEBUG IDataProvider:174 - -----deleteFoodItemTest--------------
2020-12-03 21:59:20 INFO  IDataProvider:113 - Write: FoodCategory
2020-12-03 21:59:20 INFO  IDataProvider:113 - Write: FoodCategory
2020-12-03 21:59:20 INFO  IDataProvider:97 - Read: FoodCategory
2020-12-03 21:59:20 INFO  IDataProvider:113 - Write: FoodItem
2020-12-03 21:59:20 INFO  IDataProvider:97 - Read: FoodCategory
2020-12-03 21:59:20 INFO  IDataProvider:113 - Write: FoodItem
2020-12-03 21:59:20 INFO  IDataProvider:97 - Read: FoodItem
2020-12-03 21:59:20 FATAL IDataProvider:89 - Unknown type FoodItem
2020-12-03 23:04:59 INFO  DataProviderCSV:101 - File src\main\resources\data\csv\Order.csv created
2020-12-03 23:04:59 INFO  DataProviderCSV:101 - File src\main\resources\data\csv\Staff.csv created
2020-12-03 23:04:59 INFO  DataProviderCSV:101 - File src\main\resources\data\csv\Puiple.csv created
2020-12-03 23:04:59 INFO  DataProviderCSV:101 - File src\main\resources\data\csv\FoodCategory.csv created
2020-12-03 23:04:59 DEBUG IDataProvider:191 - -----invalidDeleteFoodItemTest--------------
2020-12-03 23:05:00 INFO  IDataProvider:116 - Write: FoodCategory
2020-12-03 23:05:00 INFO  IDataProvider:116 - Write: FoodCategory
2020-12-03 23:05:00 INFO  IDataProvider:100 - Read: FoodCategory
2020-12-03 23:05:00 INFO  IDataProvider:116 - Write: FoodItem
2020-12-03 23:05:00 INFO  IDataProvider:100 - Read: FoodItem
2020-12-03 23:05:00 INFO  IDataProvider:116 - Write: ComboMeals
2020-12-03 23:05:01 INFO  IDataProvider:100 - Read: FoodItem
2020-12-03 23:05:01 ERROR IDataProvider:86 - Unable to delete FoodItem, delete it's comboMeals first
2020-12-03 23:06:36 INFO  DataProviderCSV:101 - File src\main\resources\data\csv\Order.csv created
2020-12-03 23:06:36 INFO  DataProviderCSV:101 - File src\main\resources\data\csv\Staff.csv created
2020-12-03 23:06:36 INFO  DataProviderCSV:101 - File src\main\resources\data\csv\Puiple.csv created
2020-12-03 23:06:36 INFO  DataProviderCSV:101 - File src\main\resources\data\csv\FoodCategory.csv created
2020-12-03 23:06:36 INFO  IDataProvider:100 - Read: FoodCategory
2020-12-03 23:06:36 ERROR IDataProvider:105 - FoodCategory with id = 0 not found
2020-12-03 23:06:36 ERROR IDataProvider:32 - Bad FoodItem: it's FoodCategory doesn't exist
2020-12-03 23:06:36 INFO  IDataProvider:100 - Read: FoodCategory
2020-12-03 23:06:36 ERROR IDataProvider:105 - FoodCategory with id = 1 not found
2020-12-03 23:06:36 ERROR IDataProvider:32 - Bad FoodItem: it's FoodCategory doesn't exist
2020-12-03 23:06:36 INFO  IDataProvider:100 - Read: FoodItem
2020-12-03 23:06:36 INFO  IDataProvider:116 - Write: ComboMeals
2020-12-03 23:07:17 INFO  DataProviderCSV:101 - File src\main\resources\data\csv\Order.csv created
2020-12-03 23:07:17 INFO  DataProviderCSV:101 - File src\main\resources\data\csv\Staff.csv created
2020-12-03 23:07:17 INFO  DataProviderCSV:101 - File src\main\resources\data\csv\Puiple.csv created
2020-12-03 23:07:17 INFO  DataProviderCSV:101 - File src\main\resources\data\csv\FoodCategory.csv created
2020-12-03 23:07:17 INFO  IDataProvider:100 - Read: FoodCategory
2020-12-03 23:07:17 ERROR IDataProvider:105 - FoodCategory with id = 0 not found
2020-12-03 23:07:17 ERROR IDataProvider:32 - Bad FoodItem: it's FoodCategory doesn't exist
2020-12-03 23:07:17 INFO  IDataProvider:100 - Read: FoodCategory
2020-12-03 23:07:17 ERROR IDataProvider:105 - FoodCategory with id = 1 not found
2020-12-03 23:07:17 ERROR IDataProvider:32 - Bad FoodItem: it's FoodCategory doesn't exist
2020-12-03 23:07:17 INFO  IDataProvider:100 - Read: FoodItem
2020-12-03 23:07:17 INFO  IDataProvider:116 - Write: ComboMeals
2020-12-03 23:07:17 INFO  IDataProvider:100 - Read: FoodItem
2020-12-03 23:07:17 INFO  IDataProvider:116 - Write: ComboMeals
